{"channel":"#notifications","deliveryId":"slack-1756623247066-hqxoouedm","eventType":"workflow.completed","level":"info","message":"Slack notification sent successfully","messageTs":"1234567890.123456","service":"notification-service","timestamp":"2025-08-31T06:54:07.105Z"}
{"channel":"#notifications","deliveryId":"slack-1756623247118-j7xzyrne2","error":"channel_not_found","level":"error","message":"Failed to send Slack notification","service":"notification-service","timestamp":"2025-08-31T06:54:07.119Z"}
{"channel":"#notifications","deliveryId":"slack-1756623247121-0wzae8vay","error":"Network error","level":"error","message":"Failed to send Slack notification","service":"notification-service","timestamp":"2025-08-31T06:54:07.122Z"}
{"channel":"#general","level":"info","message":"Slack direct message sent successfully","service":"notification-service","timestamp":"2025-08-31T06:54:07.123Z"}
{"channel":"#general","error":"invalid_auth","level":"error","message":"Failed to send Slack direct message","service":"notification-service","timestamp":"2025-08-31T06:54:07.127Z"}
{"level":"info","message":"Slack connection test successful","service":"notification-service","teamId":"T1234567890","timestamp":"2025-08-31T06:54:07.130Z","userId":"U1234567890"}
{"error":"invalid_auth","level":"error","message":"Slack connection test failed","service":"notification-service","timestamp":"2025-08-31T06:54:07.131Z"}
{"error":"Network error","level":"error","message":"Slack connection test failed","service":"notification-service","timestamp":"2025-08-31T06:54:07.132Z"}
{"channel":"#notifications","deliveryId":"slack-1756623247134-w795ec1i2","eventType":"workflow.completed","level":"info","message":"Slack notification sent successfully","messageTs":"123","service":"notification-service","timestamp":"2025-08-31T06:54:07.134Z"}
{"channel":"#notifications","deliveryId":"slack-1756623247156-o2kfcd41d","eventType":"workflow.failed","level":"info","message":"Slack notification sent successfully","messageTs":"123","service":"notification-service","timestamp":"2025-08-31T06:54:07.157Z"}
{"channel":"#notifications","deliveryId":"slack-1756623247158-6ju70ale8","eventType":"user.invited","level":"info","message":"Slack notification sent successfully","messageTs":"123","service":"notification-service","timestamp":"2025-08-31T06:54:07.159Z"}
{"channel":"#notifications","deliveryId":"slack-1756623247160-7ndfv0l2t","eventType":"workflow.started","level":"info","message":"Slack notification sent successfully","messageTs":"123","service":"notification-service","timestamp":"2025-08-31T06:54:07.160Z"}
{"level":"info","message":"Email service initialized successfully","service":"notification-service","timestamp":"2025-08-31T06:54:07.251Z"}
{"error":{},"level":"error","message":"Failed to initialize email service","service":"notification-service","timestamp":"2025-08-31T06:54:07.255Z"}
{"level":"info","message":"Email service initialized successfully","service":"notification-service","timestamp":"2025-08-31T06:54:07.258Z"}
{"deliveryId":"email-1756623247259-qpnid43jl","eventType":"workflow.completed","level":"info","message":"Email notification sent successfully","recipient":"user@example.com","service":"notification-service","timestamp":"2025-08-31T06:54:07.272Z"}
{"level":"info","message":"Email service initialized successfully","service":"notification-service","timestamp":"2025-08-31T06:54:07.280Z"}
{"deliveryId":"email-1756623247281-vowcb7lrw","error":"SMTP connection failed","level":"error","message":"Failed to send email notification","recipient":"user@example.com","service":"notification-service","timestamp":"2025-08-31T06:54:07.282Z"}
{"level":"info","message":"Email service initialized successfully","service":"notification-service","timestamp":"2025-08-31T06:54:07.284Z"}
{"deliveryId":"email-1756623247285-qw18kx8e3","eventType":"workflow.started","level":"info","message":"Email notification sent successfully","recipient":"user1@example.com","service":"notification-service","timestamp":"2025-08-31T06:54:07.287Z"}
{"deliveryId":"email-1756623247288-wiaplo0iw","eventType":"workflow.started","level":"info","message":"Email notification sent successfully","recipient":"user2@example.com","service":"notification-service","timestamp":"2025-08-31T06:54:07.289Z"}
{"deliveryId":"email-1756623247289-xxa9iozes","eventType":"workflow.started","level":"info","message":"Email notification sent successfully","recipient":"user3@example.com","service":"notification-service","timestamp":"2025-08-31T06:54:07.290Z"}
{"level":"info","message":"Email service initialized successfully","service":"notification-service","timestamp":"2025-08-31T06:54:07.292Z"}
{"level":"info","message":"Direct email sent successfully","recipient":"user@example.com","service":"notification-service","subject":"Test Subject","timestamp":"2025-08-31T06:54:07.292Z"}
{"level":"info","message":"Email service initialized successfully","service":"notification-service","timestamp":"2025-08-31T06:54:07.293Z"}
{"level":"info","message":"Direct email sent successfully","recipient":"user1@example.com","service":"notification-service","subject":"Test Subject","timestamp":"2025-08-31T06:54:07.294Z"}
{"level":"info","message":"Direct email sent successfully","recipient":"user2@example.com","service":"notification-service","subject":"Test Subject","timestamp":"2025-08-31T06:54:07.295Z"}
{"level":"info","message":"Email service initialized successfully","service":"notification-service","timestamp":"2025-08-31T06:54:07.296Z"}
{"error":"Send failed","level":"error","message":"Failed to send direct email","recipient":"user@example.com","service":"notification-service","subject":"Test Subject","timestamp":"2025-08-31T06:54:07.297Z"}
{"error":{},"level":"error","message":"Email connection test failed","service":"notification-service","timestamp":"2025-08-31T06:54:07.298Z"}
{"level":"info","message":"Email service initialized successfully","service":"notification-service","timestamp":"2025-08-31T06:54:07.299Z"}
{"deliveryId":"email-1756623247299-b5h042tee","eventType":"workflow.completed","level":"info","message":"Email notification sent successfully","recipient":"user@example.com","service":"notification-service","timestamp":"2025-08-31T06:54:07.302Z"}
{"level":"info","message":"Email service initialized successfully","service":"notification-service","timestamp":"2025-08-31T06:54:07.303Z"}
{"level":"info","message":"Direct email sent successfully","recipient":"user@example.com","service":"notification-service","subject":"Test Subject","timestamp":"2025-08-31T06:54:07.304Z"}
{"level":"info","message":"Email service initialized successfully","service":"notification-service","timestamp":"2025-08-31T06:54:07.305Z"}
{"level":"info","message":"Email service shut down","service":"notification-service","timestamp":"2025-08-31T06:54:07.305Z"}
{"deliveryId":"teams-1756623247409-h2s2ur09w","eventType":"workflow.completed","level":"info","message":"Teams notification sent successfully","responseStatus":200,"service":"notification-service","timestamp":"2025-08-31T06:54:07.453Z"}
{"deliveryId":"teams-1756623247460-bnr9592gb","error":"Request failed with status code 400","level":"error","message":"Failed to send Teams notification","service":"notification-service","timestamp":"2025-08-31T06:54:07.486Z"}
{"deliveryId":"teams-1756623247488-wixicq372","error":"ECONNREFUSED","level":"error","message":"Failed to send Teams notification","service":"notification-service","timestamp":"2025-08-31T06:54:07.505Z"}
{"level":"info","message":"Teams direct message sent successfully","service":"notification-service","timestamp":"2025-08-31T06:54:07.532Z"}
{"error":"Request failed with status code 500","level":"error","message":"Failed to send Teams direct message","service":"notification-service","timestamp":"2025-08-31T06:54:07.556Z"}
{"level":"info","message":"Teams connection test successful","service":"notification-service","timestamp":"2025-08-31T06:54:07.580Z"}
{"error":"Request failed with status code 404","level":"error","message":"Teams connection test failed","service":"notification-service","timestamp":"2025-08-31T06:54:07.588Z"}
{"error":"ENOTFOUND","level":"error","message":"Teams connection test failed","service":"notification-service","timestamp":"2025-08-31T06:54:07.596Z"}
{"level":"info","message":"Webhook created","service":"notification-service","timestamp":"2025-08-31T06:54:07.605Z","url":"https://example.com/webhook","webhookId":"90c0eae7-9d12-4454-ad4c-c0c6ca0ffd5a"}
{"deliveryId":"teams-1756623247599-slywm9p8j","eventType":"workflow.completed","level":"info","message":"Teams notification sent successfully","responseStatus":200,"service":"notification-service","timestamp":"2025-08-31T06:54:07.613Z"}
{"deliveryId":"teams-1756623247617-d1s14b79y","eventType":"user.invited","level":"info","message":"Teams notification sent successfully","responseStatus":200,"service":"notification-service","timestamp":"2025-08-31T06:54:07.636Z"}
{"deliveryId":"30a2307a-a7cf-4f12-bd26-ac440d96d40c","duration":26,"httpStatus":200,"level":"info","message":"Webhook delivered successfully","service":"notification-service","timestamp":"2025-08-31T06:54:07.641Z","webhookId":"webhook-123"}
{"deliveryId":"teams-1756623247639-or2auv0yn","eventType":"workflow.failed","level":"info","message":"Teams notification sent successfully","responseStatus":200,"service":"notification-service","timestamp":"2025-08-31T06:54:07.647Z"}
{"deliveryId":"teams-1756623247648-0e9fdparg","eventType":"workflow.completed","level":"info","message":"Teams notification sent successfully","responseStatus":200,"service":"notification-service","timestamp":"2025-08-31T06:54:07.661Z"}
{"attempts":1,"deliveryId":"9a1cf425-22be-4fa5-8746-5e70b66eb640","error":"Request failed with status code 500","level":"warn","message":"Webhook delivery failed, will retry","nextRetryAt":"2025-08-31T06:54:08.769Z","service":"notification-service","timestamp":"2025-08-31T06:54:07.674Z","webhookId":"webhook-123"}
{"deliveryId":"teams-1756623247663-l4ah0qzf7","eventType":"workflow.completed","level":"info","message":"Teams notification sent successfully","responseStatus":200,"service":"notification-service","timestamp":"2025-08-31T06:54:07.675Z"}
{"deliveryId":"b88514e4-cfc3-43fa-aedc-07450245f58b","duration":12,"httpStatus":200,"level":"info","message":"Webhook delivered successfully","service":"notification-service","timestamp":"2025-08-31T06:54:07.689Z","webhookId":"webhook-123"}
{"deliveryId":"teams-1756623247676-voq0nbdll","eventType":"workflow.failed","level":"info","message":"Teams notification sent successfully","responseStatus":200,"service":"notification-service","timestamp":"2025-08-31T06:54:07.690Z"}
{"attempts":1,"deliveryId":"d43e8b04-9ac5-46f4-9a8a-b6795c2dbb7b","error":"Request failed with status code 500","level":"warn","message":"Webhook delivery failed, will retry","nextRetryAt":"2025-08-31T06:54:08.742Z","service":"notification-service","timestamp":"2025-08-31T06:54:07.701Z","webhookId":"webhook-123"}
{"deliveryId":"teams-1756623247690-juozylkno","eventType":"workflow.started","level":"info","message":"Teams notification sent successfully","responseStatus":200,"service":"notification-service","timestamp":"2025-08-31T06:54:07.717Z"}
{"level":"info","message":"Webhook created","service":"notification-service","timestamp":"2025-08-31T06:54:07.718Z","url":"https://example.com/webhook","webhookId":"59cfa0a6-cb52-470f-880f-0a5775580c51"}
{"deliveryId":"teams-1756623247717-unvevmggb","eventType":"system.alert","level":"info","message":"Teams notification sent successfully","responseStatus":200,"service":"notification-service","timestamp":"2025-08-31T06:54:07.733Z"}
{"deliveryId":"teams-1756623247734-ukuvuxfth","eventType":"workflow.completed","level":"info","message":"Teams notification sent successfully","responseStatus":200,"service":"notification-service","timestamp":"2025-08-31T06:54:07.754Z"}
{"deliveryId":"teams-1756623247756-hlbdqomwy","eventType":"workflow.started","level":"info","message":"Teams notification sent successfully","responseStatus":200,"service":"notification-service","timestamp":"2025-08-31T06:54:07.770Z"}
{"channel":"#notifications","deliveryId":"slack-1756623274754-386z7heg6","eventType":"workflow.completed","level":"info","message":"Slack notification sent successfully","messageTs":"1234567890.123456","service":"notification-service","timestamp":"2025-08-31T06:54:34.786Z"}
{"level":"info","message":"Email service initialized successfully","service":"notification-service","timestamp":"2025-08-31T06:54:34.792Z"}
{"channel":"#notifications","deliveryId":"slack-1756623274799-vuzs6yzdg","error":"channel_not_found","level":"error","message":"Failed to send Slack notification","service":"notification-service","timestamp":"2025-08-31T06:54:34.799Z"}
{"channel":"#notifications","deliveryId":"slack-1756623274801-6s53tlwrr","error":"Network error","level":"error","message":"Failed to send Slack notification","service":"notification-service","timestamp":"2025-08-31T06:54:34.801Z"}
{"channel":"#general","level":"info","message":"Slack direct message sent successfully","service":"notification-service","timestamp":"2025-08-31T06:54:34.803Z"}
{"channel":"#general","error":"invalid_auth","level":"error","message":"Failed to send Slack direct message","service":"notification-service","timestamp":"2025-08-31T06:54:34.805Z"}
{"level":"info","message":"Slack connection test successful","service":"notification-service","teamId":"T1234567890","timestamp":"2025-08-31T06:54:34.807Z","userId":"U1234567890"}
{"error":"invalid_auth","level":"error","message":"Slack connection test failed","service":"notification-service","timestamp":"2025-08-31T06:54:34.807Z"}
{"error":"Network error","level":"error","message":"Slack connection test failed","service":"notification-service","timestamp":"2025-08-31T06:54:34.808Z"}
{"channel":"#notifications","deliveryId":"slack-1756623274808-qs70ocdc2","eventType":"workflow.completed","level":"info","message":"Slack notification sent successfully","messageTs":"123","service":"notification-service","timestamp":"2025-08-31T06:54:34.809Z"}
{"channel":"#notifications","deliveryId":"slack-1756623274810-mwy0a2vc7","eventType":"workflow.failed","level":"info","message":"Slack notification sent successfully","messageTs":"123","service":"notification-service","timestamp":"2025-08-31T06:54:34.810Z"}
{"channel":"#notifications","deliveryId":"slack-1756623274810-gn2od880m","eventType":"user.invited","level":"info","message":"Slack notification sent successfully","messageTs":"123","service":"notification-service","timestamp":"2025-08-31T06:54:34.811Z"}
{"channel":"#notifications","deliveryId":"slack-1756623274811-1uzqam5ds","eventType":"workflow.started","level":"info","message":"Slack notification sent successfully","messageTs":"123","service":"notification-service","timestamp":"2025-08-31T06:54:34.812Z"}
{"error":{},"level":"error","message":"Failed to initialize email service","service":"notification-service","timestamp":"2025-08-31T06:54:34.796Z"}
{"level":"info","message":"Email service initialized successfully","service":"notification-service","timestamp":"2025-08-31T06:54:34.800Z"}
{"deliveryId":"email-1756623274801-yifv99qtu","eventType":"workflow.completed","level":"info","message":"Email notification sent successfully","recipient":"user@example.com","service":"notification-service","timestamp":"2025-08-31T06:54:34.810Z"}
{"level":"info","message":"Email service initialized successfully","service":"notification-service","timestamp":"2025-08-31T06:54:34.818Z"}
{"deliveryId":"email-1756623274818-elnnig4at","error":"SMTP connection failed","level":"error","message":"Failed to send email notification","recipient":"user@example.com","service":"notification-service","timestamp":"2025-08-31T06:54:34.820Z"}
{"level":"info","message":"Email service initialized successfully","service":"notification-service","timestamp":"2025-08-31T06:54:34.821Z"}
{"deliveryId":"email-1756623274822-x6s75befz","eventType":"workflow.started","level":"info","message":"Email notification sent successfully","recipient":"user1@example.com","service":"notification-service","timestamp":"2025-08-31T06:54:34.823Z"}
{"deliveryId":"email-1756623274823-n5fkhlqaj","eventType":"workflow.started","level":"info","message":"Email notification sent successfully","recipient":"user2@example.com","service":"notification-service","timestamp":"2025-08-31T06:54:34.824Z"}
{"deliveryId":"email-1756623274824-dbygzgp40","eventType":"workflow.started","level":"info","message":"Email notification sent successfully","recipient":"user3@example.com","service":"notification-service","timestamp":"2025-08-31T06:54:34.825Z"}
{"level":"info","message":"Email service initialized successfully","service":"notification-service","timestamp":"2025-08-31T06:54:34.827Z"}
{"level":"info","message":"Direct email sent successfully","recipient":"user@example.com","service":"notification-service","subject":"Test Subject","timestamp":"2025-08-31T06:54:34.827Z"}
{"level":"info","message":"Email service initialized successfully","service":"notification-service","timestamp":"2025-08-31T06:54:34.828Z"}
{"level":"info","message":"Direct email sent successfully","recipient":"user1@example.com","service":"notification-service","subject":"Test Subject","timestamp":"2025-08-31T06:54:34.829Z"}
{"level":"info","message":"Direct email sent successfully","recipient":"user2@example.com","service":"notification-service","subject":"Test Subject","timestamp":"2025-08-31T06:54:34.829Z"}
{"level":"info","message":"Email service initialized successfully","service":"notification-service","timestamp":"2025-08-31T06:54:34.829Z"}
{"error":"Send failed","level":"error","message":"Failed to send direct email","recipient":"user@example.com","service":"notification-service","subject":"Test Subject","timestamp":"2025-08-31T06:54:34.830Z"}
{"error":{},"level":"error","message":"Email connection test failed","service":"notification-service","timestamp":"2025-08-31T06:54:34.832Z"}
{"level":"info","message":"Email service initialized successfully","service":"notification-service","timestamp":"2025-08-31T06:54:34.833Z"}
{"deliveryId":"email-1756623274833-bul133t5h","eventType":"workflow.completed","level":"info","message":"Email notification sent successfully","recipient":"user@example.com","service":"notification-service","timestamp":"2025-08-31T06:54:34.834Z"}
{"level":"info","message":"Email service initialized successfully","service":"notification-service","timestamp":"2025-08-31T06:54:34.835Z"}
{"level":"info","message":"Direct email sent successfully","recipient":"user@example.com","service":"notification-service","subject":"Test Subject","timestamp":"2025-08-31T06:54:34.835Z"}
{"level":"info","message":"Email service initialized successfully","service":"notification-service","timestamp":"2025-08-31T06:54:34.836Z"}
{"level":"info","message":"Email service shut down","service":"notification-service","timestamp":"2025-08-31T06:54:34.836Z"}
{"deliveryId":"teams-1756623274970-sjoqna5wk","eventType":"workflow.completed","level":"info","message":"Teams notification sent successfully","responseStatus":200,"service":"notification-service","timestamp":"2025-08-31T06:54:35.033Z"}
{"deliveryId":"teams-1756623275037-5agtzw0bo","error":"Request failed with status code 400","level":"error","message":"Failed to send Teams notification","service":"notification-service","timestamp":"2025-08-31T06:54:35.057Z"}
{"deliveryId":"teams-1756623275058-3feubc8cm","error":"ECONNREFUSED","level":"error","message":"Failed to send Teams notification","service":"notification-service","timestamp":"2025-08-31T06:54:35.082Z"}
{"level":"info","message":"Teams direct message sent successfully","service":"notification-service","timestamp":"2025-08-31T06:54:35.096Z"}
{"error":"Request failed with status code 500","level":"error","message":"Failed to send Teams direct message","service":"notification-service","timestamp":"2025-08-31T06:54:35.114Z"}
{"level":"info","message":"Teams connection test successful","service":"notification-service","timestamp":"2025-08-31T06:54:35.129Z"}
{"error":"Request failed with status code 404","level":"error","message":"Teams connection test failed","service":"notification-service","timestamp":"2025-08-31T06:54:35.147Z"}
{"error":"ENOTFOUND","level":"error","message":"Teams connection test failed","service":"notification-service","timestamp":"2025-08-31T06:54:35.151Z"}
{"level":"info","message":"Webhook created","service":"notification-service","timestamp":"2025-08-31T06:54:35.158Z","url":"https://example.com/webhook","webhookId":"ea3ec5f4-15d0-4ee6-a7c9-dc4f4498a982"}
{"deliveryId":"teams-1756623275152-ot9u3i1j5","eventType":"workflow.completed","level":"info","message":"Teams notification sent successfully","responseStatus":200,"service":"notification-service","timestamp":"2025-08-31T06:54:35.163Z"}
{"deliveryId":"teams-1756623275168-k05s5b05z","eventType":"user.invited","level":"info","message":"Teams notification sent successfully","responseStatus":200,"service":"notification-service","timestamp":"2025-08-31T06:54:35.180Z"}
{"deliveryId":"0cd85a56-c555-437b-84c7-c0d69a2a0e5e","duration":10,"httpStatus":200,"level":"info","message":"Webhook delivered successfully","service":"notification-service","timestamp":"2025-08-31T06:54:35.183Z","webhookId":"webhook-123"}
{"deliveryId":"teams-1756623275182-v4jpbdx79","eventType":"workflow.failed","level":"info","message":"Teams notification sent successfully","responseStatus":200,"service":"notification-service","timestamp":"2025-08-31T06:54:35.196Z"}
{"deliveryId":"teams-1756623275196-49tmuwjq4","eventType":"workflow.completed","level":"info","message":"Teams notification sent successfully","responseStatus":200,"service":"notification-service","timestamp":"2025-08-31T06:54:35.212Z"}
{"attempts":1,"deliveryId":"150c24b6-e270-4c5c-8e66-418e378f8a63","error":"Request failed with status code 500","level":"warn","message":"Webhook delivery failed, will retry","nextRetryAt":"2025-08-31T06:54:36.244Z","service":"notification-service","timestamp":"2025-08-31T06:54:35.222Z","webhookId":"webhook-123"}
{"deliveryId":"teams-1756623275214-o579punmf","eventType":"workflow.completed","level":"info","message":"Teams notification sent successfully","responseStatus":200,"service":"notification-service","timestamp":"2025-08-31T06:54:35.230Z"}
{"deliveryId":"teams-1756623275231-5dxy1sz47","eventType":"workflow.failed","level":"info","message":"Teams notification sent successfully","responseStatus":200,"service":"notification-service","timestamp":"2025-08-31T06:54:35.237Z"}
{"deliveryId":"69e62e80-2716-40fe-b08b-87d42d91b059","duration":14,"httpStatus":200,"level":"info","message":"Webhook delivered successfully","service":"notification-service","timestamp":"2025-08-31T06:54:35.237Z","webhookId":"webhook-123"}
{"deliveryId":"teams-1756623275237-98nojgct2","eventType":"workflow.started","level":"info","message":"Teams notification sent successfully","responseStatus":200,"service":"notification-service","timestamp":"2025-08-31T06:54:35.248Z"}
{"attempts":1,"deliveryId":"ecdb8e47-8569-4a2a-b56b-942460fae5d8","error":"Request failed with status code 500","level":"warn","message":"Webhook delivery failed, will retry","nextRetryAt":"2025-08-31T06:54:36.329Z","service":"notification-service","timestamp":"2025-08-31T06:54:35.251Z","webhookId":"webhook-123"}
{"level":"info","message":"Webhook created","service":"notification-service","timestamp":"2025-08-31T06:54:35.262Z","url":"https://example.com/webhook","webhookId":"0924ea01-e81e-49b9-9c31-9b37ad6edabb"}
{"deliveryId":"teams-1756623275249-m0795q9k4","eventType":"system.alert","level":"info","message":"Teams notification sent successfully","responseStatus":200,"service":"notification-service","timestamp":"2025-08-31T06:54:35.269Z"}
{"deliveryId":"teams-1756623275270-2rqs1yo4a","eventType":"workflow.completed","level":"info","message":"Teams notification sent successfully","responseStatus":200,"service":"notification-service","timestamp":"2025-08-31T06:54:35.286Z"}
{"deliveryId":"teams-1756623275287-zj4bpzh5r","eventType":"workflow.started","level":"info","message":"Teams notification sent successfully","responseStatus":200,"service":"notification-service","timestamp":"2025-08-31T06:54:35.312Z"}
